0 info it worked if it ends with ok
1 verbose cli [ 'C:\\Program Files\\nodejs\\node.exe',
1 verbose cli   'C:\\Users\\raviaa\\AppData\\Roaming\\npm\\node_modules\\npm\\bin\\npm-cli.js',
1 verbose cli   'run',
1 verbose cli   'server' ]
2 info using npm@4.0.3
3 info using node@v4.6.0
4 verbose run-script [ 'preserver', 'server', 'postserver' ]
5 info lifecycle angular2-webpack-starter@5.1.1~preserver: angular2-webpack-starter@5.1.1
6 silly lifecycle angular2-webpack-starter@5.1.1~preserver: no script for preserver, continuing
7 info lifecycle angular2-webpack-starter@5.1.1~server: angular2-webpack-starter@5.1.1
8 verbose lifecycle angular2-webpack-starter@5.1.1~server: unsafe-perm in lifecycle true
9 verbose lifecycle angular2-webpack-starter@5.1.1~server: PATH: C:\Users\raviaa\AppData\Roaming\npm\node_modules\npm\bin\node-gyp-bin;C:\GitRep\smartalbumWebpack\node_modules\.bin;C:\ProgramData\Oracle\Java\javapath;C:\WINDOWS\system32;C:\WINDOWS;C:\WINDOWS\System32\Wbem;C:\WINDOWS\System32\WindowsPowerShell\v1.0\;C:\Program Files (x86)\Box\Box Edit\;C:\Program Files (x86)\Windows Kits\8.1\Windows Performance Toolkit\;C:\Program Files\Microsoft SQL Server\110\Tools\Binn\;C:\Program Files (x86)\Microsoft SDKs\TypeScript\1.0\;C:\Program Files\Microsoft SQL Server\120\Tools\Binn\;c:\Program Files (x86)\Microsoft SQL Server\110\Tools\Binn\ManagementStudio\;c:\Program Files (x86)\Microsoft SQL Server\110\Tools\Binn\;c:\Program Files (x86)\Microsoft SQL Server\110\DTS\Binn\;C:\Program Files\Microsoft SQL Server\110\DTS\Binn\;C:\Program Files (x86)\Microsoft Team Foundation Server 2013 Power Tools\;C:\Program Files (x86)\Microsoft Team Foundation Server 2013 Power Tools\Best Practices Analyzer\;C:\Program Files\nodejs\;C:\Program Files\Git\cmd;C:\Program Files\Microsoft SQL Server\130\Tools\Binn\;C:\Program Files\Microsoft\Web Platform Installer\;C:\Program Files\dotnet\;;C:\Program Files (x86)\Microsoft VS Code\bin;C:\Users\raviaa\AppData\Roaming\npm
10 verbose lifecycle angular2-webpack-starter@5.1.1~server: CWD: C:\GitRep\smartalbumWebpack
11 silly lifecycle angular2-webpack-starter@5.1.1~server: Args: [ '/d /s /c', 'npm run server:dev' ]
12 silly lifecycle angular2-webpack-starter@5.1.1~server: Returned: code: 3221225786  signal: null
13 info lifecycle angular2-webpack-starter@5.1.1~server: Failed to exec server script
14 verbose stack Error: angular2-webpack-starter@5.1.1 server: `npm run server:dev`
14 verbose stack Exit status 3221225786
14 verbose stack     at EventEmitter.<anonymous> (C:\Users\raviaa\AppData\Roaming\npm\node_modules\npm\lib\utils\lifecycle.js:279:16)
14 verbose stack     at emitTwo (events.js:87:13)
14 verbose stack     at EventEmitter.emit (events.js:172:7)
14 verbose stack     at ChildProcess.<anonymous> (C:\Users\raviaa\AppData\Roaming\npm\node_modules\npm\lib\utils\spawn.js:40:14)
14 verbose stack     at emitTwo (events.js:87:13)
14 verbose stack     at ChildProcess.emit (events.js:172:7)
14 verbose stack     at maybeClose (internal/child_process.js:829:16)
14 verbose stack     at Process.ChildProcess._handle.onexit (internal/child_process.js:211:5)
15 verbose pkgid angular2-webpack-starter@5.1.1
16 verbose cwd C:\GitRep\smartalbumWebpack\src\app\project
17 error Windows_NT 6.3.9600
18 error argv "C:\\Program Files\\nodejs\\node.exe" "C:\\Users\\raviaa\\AppData\\Roaming\\npm\\node_modules\\npm\\bin\\npm-cli.js" "run" "server"
19 error node v4.6.0
20 error npm  v4.0.3
21 error code ELIFECYCLE
22 error angular2-webpack-starter@5.1.1 server: `npm run server:dev`
22 error Exit status 3221225786
23 error Failed at the angular2-webpack-starter@5.1.1 server script 'npm run server:dev'.
23 error Make sure you have the latest version of node.js and npm installed.
23 error If you do, this is most likely a problem with the angular2-webpack-starter package,
23 error not with npm itself.
23 error Tell the author that this fails on your system:
23 error     npm run server:dev
23 error You can get information on how to open an issue for this project with:
23 error     npm bugs angular2-webpack-starter
23 error Or if that isn't available, you can get their info via:
23 error     npm owner ls angular2-webpack-starter
23 error There is likely additional logging output above.
24 verbose exit [ 1, true ]
